0 info it worked if it ends with ok
1 verbose cli [ 'D:\\__software\\NodeJSPortable\\App\\NodeJS\\node.exe',
1 verbose cli   'D:\\__software\\NodeJSPortable\\Data\\node_modules\\npm\\bin\\npm-cli.js',
1 verbose cli   'run',
1 verbose cli   'dev' ]
2 info using npm@3.5.3
3 info using node@v5.7.0
4 verbose run-script [ 'predev', 'dev', 'postdev' ]
5 info lifecycle sse_example@1.0.0~predev: sse_example@1.0.0
6 silly lifecycle sse_example@1.0.0~predev: no script for predev, continuing
7 info lifecycle sse_example@1.0.0~dev: sse_example@1.0.0
8 verbose lifecycle sse_example@1.0.0~dev: unsafe-perm in lifecycle true
9 verbose lifecycle sse_example@1.0.0~dev: PATH: D:\__software\NodeJSPortable\Data\node_modules\npm\bin\node-gyp-bin;C:\Users\jjmato\Desktop\workspace.mio\sse-chat\node_modules\.bin;D:\__software\NodeJSPortable\App\NodeJS;D:\__software\NodeJSPortable\Data;C:\ProgramData\Oracle\Java\javapath;C:\WINDOWS\system32;C:\WINDOWS;C:\WINDOWS\System32\Wbem;C:\WINDOWS\System32\WindowsPowerShell\v1.0\;%JAVA_HOME%;C:\Program Files\TortoiseSVN\bin
10 verbose lifecycle sse_example@1.0.0~dev: CWD: C:\Users\jjmato\Desktop\workspace.mio\sse-chat
11 silly lifecycle sse_example@1.0.0~dev: Args: [ '/d /s /c',
11 silly lifecycle   'concurrently  "npm run lite-server" "npm run node app.js"' ]
12 silly lifecycle sse_example@1.0.0~dev: Returned: code: 1  signal: null
13 info lifecycle sse_example@1.0.0~dev: Failed to exec dev script
14 verbose stack Error: sse_example@1.0.0 dev: `concurrently  "npm run lite-server" "npm run node app.js"`
14 verbose stack Exit status 1
14 verbose stack     at EventEmitter.<anonymous> (D:\__software\NodeJSPortable\Data\node_modules\npm\lib\utils\lifecycle.js:232:16)
14 verbose stack     at emitTwo (events.js:100:13)
14 verbose stack     at EventEmitter.emit (events.js:185:7)
14 verbose stack     at ChildProcess.<anonymous> (D:\__software\NodeJSPortable\Data\node_modules\npm\lib\utils\spawn.js:24:14)
14 verbose stack     at emitTwo (events.js:100:13)
14 verbose stack     at ChildProcess.emit (events.js:185:7)
14 verbose stack     at maybeClose (internal/child_process.js:827:16)
14 verbose stack     at Process.ChildProcess._handle.onexit (internal/child_process.js:211:5)
15 verbose pkgid sse_example@1.0.0
16 verbose cwd C:\Users\jjmato\Desktop\workspace.mio\sse-chat
17 error Windows_NT 6.1.7601
18 error argv "D:\\__software\\NodeJSPortable\\App\\NodeJS\\node.exe" "D:\\__software\\NodeJSPortable\\Data\\node_modules\\npm\\bin\\npm-cli.js" "run" "dev"
19 error node v5.7.0
20 error npm  v3.5.3
21 error code ELIFECYCLE
22 error sse_example@1.0.0 dev: `concurrently  "npm run lite-server" "npm run node app.js"`
22 error Exit status 1
23 error Failed at the sse_example@1.0.0 dev script 'concurrently  "npm run lite-server" "npm run node app.js"'.
23 error Make sure you have the latest version of node.js and npm installed.
23 error If you do, this is most likely a problem with the sse_example package,
23 error not with npm itself.
23 error Tell the author that this fails on your system:
23 error     concurrently  "npm run lite-server" "npm run node app.js"
23 error You can get information on how to open an issue for this project with:
23 error     npm bugs sse_example
23 error Or if that isn't available, you can get their info via:
23 error     npm owner ls sse_example
23 error There is likely additional logging output above.
24 verbose exit [ 1, true ]
